\BOOKMARK [0][-]{chapter.1}{\376\377\0001\000\040\000m\000o\000t\000o\000r\000b\000i\000k\000e\000s\000t\000a\000t\000i\000s\000t\000i\000c\000s}{}% 1
\BOOKMARK [0][-]{chapter.2}{\376\377\0002\000\040\000H\000i\000e\000r\000a\000r\000c\000h\000i\000c\000a\000l\000\040\000I\000n\000d\000e\000x}{}% 2
\BOOKMARK [1][-]{section.2.1}{\376\377\0002\000.\0001\000\040\000C\000l\000a\000s\000s\000\040\000H\000i\000e\000r\000a\000r\000c\000h\000y}{chapter.2}% 3
\BOOKMARK [0][-]{chapter.3}{\376\377\0003\000\040\000C\000l\000a\000s\000s\000\040\000I\000n\000d\000e\000x}{}% 4
\BOOKMARK [1][-]{section.3.1}{\376\377\0003\000.\0001\000\040\000C\000l\000a\000s\000s\000\040\000L\000i\000s\000t}{chapter.3}% 5
\BOOKMARK [0][-]{chapter.4}{\376\377\0004\000\040\000F\000i\000l\000e\000\040\000I\000n\000d\000e\000x}{}% 6
\BOOKMARK [1][-]{section.4.1}{\376\377\0004\000.\0001\000\040\000F\000i\000l\000e\000\040\000L\000i\000s\000t}{chapter.4}% 7
\BOOKMARK [0][-]{chapter.5}{\376\377\0005\000\040\000C\000l\000a\000s\000s\000\040\000D\000o\000c\000u\000m\000e\000n\000t\000a\000t\000i\000o\000n}{}% 8
\BOOKMARK [1][-]{section.5.1}{\376\377\0005\000.\0001\000\040\000A\000n\000d\000r\000o\000i\000d\000A\000p\000p\000.\000B\000T\000C\000o\000n\000n\000e\000c\000t\000i\000o\000n\000\040\000C\000l\000a\000s\000s\000\040\000R\000e\000f\000e\000r\000e\000n\000c\000e}{chapter.5}% 9
\BOOKMARK [2][-]{subsection.5.1.1}{\376\377\0005\000.\0001\000.\0001\000\040\000D\000e\000t\000a\000i\000l\000e\000d\000\040\000D\000e\000s\000c\000r\000i\000p\000t\000i\000o\000n}{section.5.1}% 10
\BOOKMARK [2][-]{subsection.5.1.2}{\376\377\0005\000.\0001\000.\0002\000\040\000C\000o\000n\000s\000t\000r\000u\000c\000t\000o\000r\000\040\000\046\000\040\000D\000e\000s\000t\000r\000u\000c\000t\000o\000r\000\040\000D\000o\000c\000u\000m\000e\000n\000t\000a\000t\000i\000o\000n}{section.5.1}% 11
\BOOKMARK [3][-]{subsubsection.5.1.2.1}{\376\377\0005\000.\0001\000.\0002\000.\0001\000\040\000B\000T\000C\000o\000n\000n\000e\000c\000t\000i\000o\000n\000\050\000\051}{subsection.5.1.2}% 12
\BOOKMARK [2][-]{subsection.5.1.3}{\376\377\0005\000.\0001\000.\0003\000\040\000M\000e\000m\000b\000e\000r\000\040\000F\000u\000n\000c\000t\000i\000o\000n\000\040\000D\000o\000c\000u\000m\000e\000n\000t\000a\000t\000i\000o\000n}{section.5.1}% 13
\BOOKMARK [3][-]{subsubsection.5.1.3.1}{\376\377\0005\000.\0001\000.\0003\000.\0001\000\040\000s\000e\000t\000R\000X\000H\000a\000n\000d\000l\000e\000r\000\050\000\051}{subsection.5.1.3}% 14
\BOOKMARK [3][-]{subsubsection.5.1.3.2}{\376\377\0005\000.\0001\000.\0003\000.\0002\000\040\000g\000e\000t\000R\000X\000H\000a\000n\000d\000l\000e\000r\000\050\000\051}{subsection.5.1.3}% 15
\BOOKMARK [3][-]{subsubsection.5.1.3.3}{\376\377\0005\000.\0001\000.\0003\000.\0003\000\040\000r\000u\000n\000\050\000\051}{subsection.5.1.3}% 16
\BOOKMARK [3][-]{subsubsection.5.1.3.4}{\376\377\0005\000.\0001\000.\0003\000.\0004\000\040\000i\000s\000R\000u\000n\000n\000i\000n\000g\000\050\000\051}{subsection.5.1.3}% 17
\BOOKMARK [3][-]{subsubsection.5.1.3.5}{\376\377\0005\000.\0001\000.\0003\000.\0005\000\040\000i\000s\000C\000o\000n\000n\000e\000c\000t\000e\000d\000\050\000\051}{subsection.5.1.3}% 18
\BOOKMARK [3][-]{subsubsection.5.1.3.6}{\376\377\0005\000.\0001\000.\0003\000.\0006\000\040\000c\000o\000n\000n\000e\000c\000t\000\050\000\051}{subsection.5.1.3}% 19
\BOOKMARK [2][-]{subsection.5.1.4}{\376\377\0005\000.\0001\000.\0004\000\040\000M\000e\000m\000b\000e\000r\000\040\000D\000a\000t\000a\000\040\000D\000o\000c\000u\000m\000e\000n\000t\000a\000t\000i\000o\000n}{section.5.1}% 20
\BOOKMARK [3][-]{subsubsection.5.1.4.1}{\376\377\0005\000.\0001\000.\0004\000.\0001\000\040\000t\000x\000H\000a\000n\000d\000l\000e\000r}{subsection.5.1.4}% 21
\BOOKMARK [1][-]{section.5.2}{\376\377\0005\000.\0002\000\040\000A\000n\000d\000r\000o\000i\000d\000A\000p\000p\000.\000B\000T\000D\000e\000v\000i\000c\000e\000I\000t\000e\000m\000\040\000C\000l\000a\000s\000s\000\040\000R\000e\000f\000e\000r\000e\000n\000c\000e}{chapter.5}% 22
\BOOKMARK [2][-]{subsection.5.2.1}{\376\377\0005\000.\0002\000.\0001\000\040\000D\000e\000t\000a\000i\000l\000e\000d\000\040\000D\000e\000s\000c\000r\000i\000p\000t\000i\000o\000n}{section.5.2}% 23
\BOOKMARK [2][-]{subsection.5.2.2}{\376\377\0005\000.\0002\000.\0002\000\040\000C\000o\000n\000s\000t\000r\000u\000c\000t\000o\000r\000\040\000\046\000\040\000D\000e\000s\000t\000r\000u\000c\000t\000o\000r\000\040\000D\000o\000c\000u\000m\000e\000n\000t\000a\000t\000i\000o\000n}{section.5.2}% 24
\BOOKMARK [3][-]{subsubsection.5.2.2.1}{\376\377\0005\000.\0002\000.\0002\000.\0001\000\040\000B\000T\000D\000e\000v\000i\000c\000e\000I\000t\000e\000m\000\050\000\051}{subsection.5.2.2}% 25
\BOOKMARK [2][-]{subsection.5.2.3}{\376\377\0005\000.\0002\000.\0003\000\040\000M\000e\000m\000b\000e\000r\000\040\000F\000u\000n\000c\000t\000i\000o\000n\000\040\000D\000o\000c\000u\000m\000e\000n\000t\000a\000t\000i\000o\000n}{section.5.2}% 26
\BOOKMARK [3][-]{subsubsection.5.2.3.1}{\376\377\0005\000.\0002\000.\0003\000.\0001\000\040\000g\000e\000t\000C\000o\000n\000n\000e\000c\000t\000i\000o\000n\000\050\000\051}{subsection.5.2.3}% 27
\BOOKMARK [3][-]{subsubsection.5.2.3.2}{\376\377\0005\000.\0002\000.\0003\000.\0002\000\040\000s\000e\000t\000C\000o\000n\000n\000e\000c\000t\000i\000o\000n\000\050\000\051}{subsection.5.2.3}% 28
\BOOKMARK [3][-]{subsubsection.5.2.3.3}{\376\377\0005\000.\0002\000.\0003\000.\0003\000\040\000g\000e\000t\000D\000e\000v\000i\000c\000e\000\050\000\051}{subsection.5.2.3}% 29
\BOOKMARK [3][-]{subsubsection.5.2.3.4}{\376\377\0005\000.\0002\000.\0003\000.\0004\000\040\000g\000e\000t\000S\000t\000a\000t\000u\000s\000\050\000\051}{subsection.5.2.3}% 30
\BOOKMARK [3][-]{subsubsection.5.2.3.5}{\376\377\0005\000.\0002\000.\0003\000.\0005\000\040\000s\000e\000t\000S\000t\000a\000t\000u\000s\000\050\000\051}{subsection.5.2.3}% 31
\BOOKMARK [3][-]{subsubsection.5.2.3.6}{\376\377\0005\000.\0002\000.\0003\000.\0006\000\040\000g\000e\000t\000I\000c\000o\000n\000I\000D\000\050\000\051}{subsection.5.2.3}% 32
\BOOKMARK [3][-]{subsubsection.5.2.3.7}{\376\377\0005\000.\0002\000.\0003\000.\0007\000\040\000s\000e\000t\000I\000c\000o\000n\000I\000D\000\050\000\051}{subsection.5.2.3}% 33
\BOOKMARK [1][-]{section.5.3}{\376\377\0005\000.\0003\000\040\000A\000n\000d\000r\000o\000i\000d\000A\000p\000p\000.\000B\000T\000D\000e\000v\000i\000c\000e\000L\000i\000s\000t\000A\000d\000a\000p\000t\000e\000r\000\040\000C\000l\000a\000s\000s\000\040\000R\000e\000f\000e\000r\000e\000n\000c\000e}{chapter.5}% 34
\BOOKMARK [2][-]{subsection.5.3.1}{\376\377\0005\000.\0003\000.\0001\000\040\000D\000e\000t\000a\000i\000l\000e\000d\000\040\000D\000e\000s\000c\000r\000i\000p\000t\000i\000o\000n}{section.5.3}% 35
\BOOKMARK [2][-]{subsection.5.3.2}{\376\377\0005\000.\0003\000.\0002\000\040\000C\000o\000n\000s\000t\000r\000u\000c\000t\000o\000r\000\040\000\046\000\040\000D\000e\000s\000t\000r\000u\000c\000t\000o\000r\000\040\000D\000o\000c\000u\000m\000e\000n\000t\000a\000t\000i\000o\000n}{section.5.3}% 36
\BOOKMARK [3][-]{subsubsection.5.3.2.1}{\376\377\0005\000.\0003\000.\0002\000.\0001\000\040\000B\000T\000D\000e\000v\000i\000c\000e\000L\000i\000s\000t\000A\000d\000a\000p\000t\000e\000r\000\050\000\051}{subsection.5.3.2}% 37
\BOOKMARK [2][-]{subsection.5.3.3}{\376\377\0005\000.\0003\000.\0003\000\040\000M\000e\000m\000b\000e\000r\000\040\000F\000u\000n\000c\000t\000i\000o\000n\000\040\000D\000o\000c\000u\000m\000e\000n\000t\000a\000t\000i\000o\000n}{section.5.3}% 38
\BOOKMARK [3][-]{subsubsection.5.3.3.1}{\376\377\0005\000.\0003\000.\0003\000.\0001\000\040\000g\000e\000t\000V\000i\000e\000w\000\050\000\051}{subsection.5.3.3}% 39
\BOOKMARK [1][-]{section.5.4}{\376\377\0005\000.\0004\000\040\000A\000n\000d\000r\000o\000i\000d\000A\000p\000p\000.\000B\000T\000D\000e\000v\000i\000c\000e\000L\000i\000s\000t\000A\000d\000a\000p\000t\000e\000r\000.\000V\000i\000e\000w\000H\000o\000l\000d\000e\000r\000\040\000C\000l\000a\000s\000s\000\040\000R\000e\000f\000e\000r\000e\000n\000c\000e}{chapter.5}% 40
\BOOKMARK [2][-]{subsection.5.4.1}{\376\377\0005\000.\0004\000.\0001\000\040\000D\000e\000t\000a\000i\000l\000e\000d\000\040\000D\000e\000s\000c\000r\000i\000p\000t\000i\000o\000n}{section.5.4}% 41
\BOOKMARK [1][-]{section.5.5}{\376\377\0005\000.\0005\000\040\000A\000n\000d\000r\000o\000i\000d\000A\000p\000p\000.\000D\000a\000t\000a\000I\000t\000e\000m\000<\000\040\000T\000\040\000>\000\040\000C\000l\000a\000s\000s\000\040\000T\000e\000m\000p\000l\000a\000t\000e\000\040\000R\000e\000f\000e\000r\000e\000n\000c\000e}{chapter.5}% 42
\BOOKMARK [2][-]{subsection.5.5.1}{\376\377\0005\000.\0005\000.\0001\000\040\000D\000e\000t\000a\000i\000l\000e\000d\000\040\000D\000e\000s\000c\000r\000i\000p\000t\000i\000o\000n}{section.5.5}% 43
\BOOKMARK [2][-]{subsection.5.5.2}{\376\377\0005\000.\0005\000.\0002\000\040\000C\000o\000n\000s\000t\000r\000u\000c\000t\000o\000r\000\040\000\046\000\040\000D\000e\000s\000t\000r\000u\000c\000t\000o\000r\000\040\000D\000o\000c\000u\000m\000e\000n\000t\000a\000t\000i\000o\000n}{section.5.5}% 44
\BOOKMARK [3][-]{subsubsection.5.5.2.1}{\376\377\0005\000.\0005\000.\0002\000.\0001\000\040\000D\000a\000t\000a\000I\000t\000e\000m\000\050\000\051\000\040\000[\0001\000/\0002\000]}{subsection.5.5.2}% 45
\BOOKMARK [3][-]{subsubsection.5.5.2.2}{\376\377\0005\000.\0005\000.\0002\000.\0002\000\040\000D\000a\000t\000a\000I\000t\000e\000m\000\050\000\051\000\040\000[\0002\000/\0002\000]}{subsection.5.5.2}% 46
\BOOKMARK [2][-]{subsection.5.5.3}{\376\377\0005\000.\0005\000.\0003\000\040\000M\000e\000m\000b\000e\000r\000\040\000F\000u\000n\000c\000t\000i\000o\000n\000\040\000D\000o\000c\000u\000m\000e\000n\000t\000a\000t\000i\000o\000n}{section.5.5}% 47
\BOOKMARK [3][-]{subsubsection.5.5.3.1}{\376\377\0005\000.\0005\000.\0003\000.\0001\000\040\000g\000e\000t\000N\000a\000m\000e\000\050\000\051}{subsection.5.5.3}% 48
\BOOKMARK [3][-]{subsubsection.5.5.3.2}{\376\377\0005\000.\0005\000.\0003\000.\0002\000\040\000g\000e\000t\000E\000n\000a\000b\000l\000e\000d\000A\000v\000g\000M\000i\000n\000M\000a\000x\000\050\000\051}{subsection.5.5.3}% 49
\BOOKMARK [3][-]{subsubsection.5.5.3.3}{\376\377\0005\000.\0005\000.\0003\000.\0003\000\040\000g\000e\000t\000C\000u\000r\000r\000e\000n\000t\000\050\000\051}{subsection.5.5.3}% 50
\BOOKMARK [3][-]{subsubsection.5.5.3.4}{\376\377\0005\000.\0005\000.\0003\000.\0004\000\040\000g\000e\000t\000A\000v\000e\000r\000a\000g\000e\000\050\000\051}{subsection.5.5.3}% 51
\BOOKMARK [3][-]{subsubsection.5.5.3.5}{\376\377\0005\000.\0005\000.\0003\000.\0005\000\040\000g\000e\000t\000M\000i\000n\000i\000m\000u\000m\000\050\000\051}{subsection.5.5.3}% 52
\BOOKMARK [3][-]{subsubsection.5.5.3.6}{\376\377\0005\000.\0005\000.\0003\000.\0006\000\040\000g\000e\000t\000M\000a\000x\000i\000m\000u\000m\000\050\000\051}{subsection.5.5.3}% 53
\BOOKMARK [3][-]{subsubsection.5.5.3.7}{\376\377\0005\000.\0005\000.\0003\000.\0007\000\040\000s\000e\000t\000C\000u\000r\000r\000e\000n\000t\000\050\000\051}{subsection.5.5.3}% 54
\BOOKMARK [3][-]{subsubsection.5.5.3.8}{\376\377\0005\000.\0005\000.\0003\000.\0008\000\040\000a\000d\000d\000\050\000\051}{subsection.5.5.3}% 55
\BOOKMARK [3][-]{subsubsection.5.5.3.9}{\376\377\0005\000.\0005\000.\0003\000.\0009\000\040\000d\000i\000v\000i\000d\000e\000\050\000\051}{subsection.5.5.3}% 56
\BOOKMARK [3][-]{subsubsection.5.5.3.10}{\376\377\0005\000.\0005\000.\0003\000.\0001\0000\000\040\000g\000r\000e\000a\000t\000e\000r\000T\000h\000a\000n\000\050\000\051}{subsection.5.5.3}% 57
\BOOKMARK [3][-]{subsubsection.5.5.3.11}{\376\377\0005\000.\0005\000.\0003\000.\0001\0001\000\040\000l\000e\000s\000s\000T\000h\000a\000n\000\050\000\051}{subsection.5.5.3}% 58
\BOOKMARK [1][-]{section.5.6}{\376\377\0005\000.\0006\000\040\000A\000n\000d\000r\000o\000i\000d\000A\000p\000p\000.\000D\000a\000t\000a\000L\000i\000s\000t\000A\000d\000a\000p\000t\000e\000r\000\040\000C\000l\000a\000s\000s\000\040\000R\000e\000f\000e\000r\000e\000n\000c\000e}{chapter.5}% 59
\BOOKMARK [2][-]{subsection.5.6.1}{\376\377\0005\000.\0006\000.\0001\000\040\000D\000e\000t\000a\000i\000l\000e\000d\000\040\000D\000e\000s\000c\000r\000i\000p\000t\000i\000o\000n}{section.5.6}% 60
\BOOKMARK [2][-]{subsection.5.6.2}{\376\377\0005\000.\0006\000.\0002\000\040\000C\000o\000n\000s\000t\000r\000u\000c\000t\000o\000r\000\040\000\046\000\040\000D\000e\000s\000t\000r\000u\000c\000t\000o\000r\000\040\000D\000o\000c\000u\000m\000e\000n\000t\000a\000t\000i\000o\000n}{section.5.6}% 61
\BOOKMARK [3][-]{subsubsection.5.6.2.1}{\376\377\0005\000.\0006\000.\0002\000.\0001\000\040\000D\000a\000t\000a\000L\000i\000s\000t\000A\000d\000a\000p\000t\000e\000r\000\050\000\051}{subsection.5.6.2}% 62
\BOOKMARK [2][-]{subsection.5.6.3}{\376\377\0005\000.\0006\000.\0003\000\040\000M\000e\000m\000b\000e\000r\000\040\000F\000u\000n\000c\000t\000i\000o\000n\000\040\000D\000o\000c\000u\000m\000e\000n\000t\000a\000t\000i\000o\000n}{section.5.6}% 63
\BOOKMARK [3][-]{subsubsection.5.6.3.1}{\376\377\0005\000.\0006\000.\0003\000.\0001\000\040\000g\000e\000t\000V\000i\000e\000w\000\050\000\051}{subsection.5.6.3}% 64
\BOOKMARK [1][-]{section.5.7}{\376\377\0005\000.\0007\000\040\000A\000n\000d\000r\000o\000i\000d\000A\000p\000p\000.\000D\000a\000t\000a\000L\000i\000s\000t\000A\000d\000a\000p\000t\000e\000r\000.\000V\000i\000e\000w\000H\000o\000l\000d\000e\000r\000\040\000C\000l\000a\000s\000s\000\040\000R\000e\000f\000e\000r\000e\000n\000c\000e}{chapter.5}% 65
\BOOKMARK [2][-]{subsection.5.7.1}{\376\377\0005\000.\0007\000.\0001\000\040\000D\000e\000t\000a\000i\000l\000e\000d\000\040\000D\000e\000s\000c\000r\000i\000p\000t\000i\000o\000n}{section.5.7}% 66
\BOOKMARK [1][-]{section.5.8}{\376\377\0005\000.\0008\000\040\000A\000n\000d\000r\000o\000i\000d\000A\000p\000p\000.\000J\000S\000O\000N\000H\000a\000n\000d\000l\000e\000r\000S\000i\000n\000g\000l\000e\000t\000o\000n\000\040\000C\000l\000a\000s\000s\000\040\000R\000e\000f\000e\000r\000e\000n\000c\000e}{chapter.5}% 67
\BOOKMARK [2][-]{subsection.5.8.1}{\376\377\0005\000.\0008\000.\0001\000\040\000D\000e\000t\000a\000i\000l\000e\000d\000\040\000D\000e\000s\000c\000r\000i\000p\000t\000i\000o\000n}{section.5.8}% 68
\BOOKMARK [2][-]{subsection.5.8.2}{\376\377\0005\000.\0008\000.\0002\000\040\000M\000e\000m\000b\000e\000r\000\040\000F\000u\000n\000c\000t\000i\000o\000n\000\040\000D\000o\000c\000u\000m\000e\000n\000t\000a\000t\000i\000o\000n}{section.5.8}% 69
\BOOKMARK [3][-]{subsubsection.5.8.2.1}{\376\377\0005\000.\0008\000.\0002\000.\0001\000\040\000g\000e\000t\000I\000n\000s\000t\000a\000n\000c\000e\000\050\000\051}{subsection.5.8.2}% 70
\BOOKMARK [1][-]{section.5.9}{\376\377\0005\000.\0009\000\040\000A\000n\000d\000r\000o\000i\000d\000A\000p\000p\000.\000L\000o\000a\000d\000D\000e\000v\000i\000c\000e\000F\000r\000a\000g\000m\000e\000n\000t\000\040\000C\000l\000a\000s\000s\000\040\000R\000e\000f\000e\000r\000e\000n\000c\000e}{chapter.5}% 71
\BOOKMARK [2][-]{subsection.5.9.1}{\376\377\0005\000.\0009\000.\0001\000\040\000D\000e\000t\000a\000i\000l\000e\000d\000\040\000D\000e\000s\000c\000r\000i\000p\000t\000i\000o\000n}{section.5.9}% 72
\BOOKMARK [2][-]{subsection.5.9.2}{\376\377\0005\000.\0009\000.\0002\000\040\000C\000o\000n\000s\000t\000r\000u\000c\000t\000o\000r\000\040\000\046\000\040\000D\000e\000s\000t\000r\000u\000c\000t\000o\000r\000\040\000D\000o\000c\000u\000m\000e\000n\000t\000a\000t\000i\000o\000n}{section.5.9}% 73
\BOOKMARK [3][-]{subsubsection.5.9.2.1}{\376\377\0005\000.\0009\000.\0002\000.\0001\000\040\000L\000o\000a\000d\000D\000e\000v\000i\000c\000e\000F\000r\000a\000g\000m\000e\000n\000t\000\050\000\051}{subsection.5.9.2}% 74
\BOOKMARK [2][-]{subsection.5.9.3}{\376\377\0005\000.\0009\000.\0003\000\040\000M\000e\000m\000b\000e\000r\000\040\000F\000u\000n\000c\000t\000i\000o\000n\000\040\000D\000o\000c\000u\000m\000e\000n\000t\000a\000t\000i\000o\000n}{section.5.9}% 75
\BOOKMARK [3][-]{subsubsection.5.9.3.1}{\376\377\0005\000.\0009\000.\0003\000.\0001\000\040\000o\000n\000C\000r\000e\000a\000t\000e\000V\000i\000e\000w\000\050\000\051}{subsection.5.9.3}% 76
\BOOKMARK [3][-]{subsubsection.5.9.3.2}{\376\377\0005\000.\0009\000.\0003\000.\0002\000\040\000s\000e\000t\000B\000T\000C\000o\000n\000n\000e\000c\000t\000i\000o\000n\000\050\000\051}{subsection.5.9.3}% 77
\BOOKMARK [3][-]{subsubsection.5.9.3.3}{\376\377\0005\000.\0009\000.\0003\000.\0003\000\040\000a\000d\000d\000T\000r\000i\000p\000\050\000\051}{subsection.5.9.3}% 78
\BOOKMARK [2][-]{subsection.5.9.4}{\376\377\0005\000.\0009\000.\0004\000\040\000M\000e\000m\000b\000e\000r\000\040\000D\000a\000t\000a\000\040\000D\000o\000c\000u\000m\000e\000n\000t\000a\000t\000i\000o\000n}{section.5.9}% 79
\BOOKMARK [3][-]{subsubsection.5.9.4.1}{\376\377\0005\000.\0009\000.\0004\000.\0001\000\040\000R\000X\000H\000a\000n\000d\000l\000e\000r}{subsection.5.9.4}% 80
\BOOKMARK [1][-]{section.5.10}{\376\377\0005\000.\0001\0000\000\040\000A\000n\000d\000r\000o\000i\000d\000A\000p\000p\000.\000L\000o\000a\000d\000D\000e\000v\000i\000c\000e\000F\000r\000a\000g\000m\000e\000n\000t\000.\000T\000r\000i\000p\000I\000t\000e\000m\000L\000i\000s\000t\000e\000n\000e\000r\000\040\000C\000l\000a\000s\000s\000\040\000R\000e\000f\000e\000r\000e\000n\000c\000e}{chapter.5}% 81
\BOOKMARK [2][-]{subsection.5.10.1}{\376\377\0005\000.\0001\0000\000.\0001\000\040\000D\000e\000t\000a\000i\000l\000e\000d\000\040\000D\000e\000s\000c\000r\000i\000p\000t\000i\000o\000n}{section.5.10}% 82
\BOOKMARK [2][-]{subsection.5.10.2}{\376\377\0005\000.\0001\0000\000.\0002\000\040\000M\000e\000m\000b\000e\000r\000\040\000F\000u\000n\000c\000t\000i\000o\000n\000\040\000D\000o\000c\000u\000m\000e\000n\000t\000a\000t\000i\000o\000n}{section.5.10}% 83
\BOOKMARK [3][-]{subsubsection.5.10.2.1}{\376\377\0005\000.\0001\0000\000.\0002\000.\0001\000\040\000o\000n\000I\000t\000e\000m\000C\000l\000i\000c\000k\000\050\000\051}{subsection.5.10.2}% 84
\BOOKMARK [1][-]{section.5.11}{\376\377\0005\000.\0001\0001\000\040\000A\000n\000d\000r\000o\000i\000d\000A\000p\000p\000.\000M\000a\000i\000n\000A\000c\000t\000i\000v\000i\000t\000y\000\040\000C\000l\000a\000s\000s\000\040\000R\000e\000f\000e\000r\000e\000n\000c\000e}{chapter.5}% 85
\BOOKMARK [2][-]{subsection.5.11.1}{\376\377\0005\000.\0001\0001\000.\0001\000\040\000D\000e\000t\000a\000i\000l\000e\000d\000\040\000D\000e\000s\000c\000r\000i\000p\000t\000i\000o\000n}{section.5.11}% 86
\BOOKMARK [2][-]{subsection.5.11.2}{\376\377\0005\000.\0001\0001\000.\0002\000\040\000M\000e\000m\000b\000e\000r\000\040\000F\000u\000n\000c\000t\000i\000o\000n\000\040\000D\000o\000c\000u\000m\000e\000n\000t\000a\000t\000i\000o\000n}{section.5.11}% 87
\BOOKMARK [3][-]{subsubsection.5.11.2.1}{\376\377\0005\000.\0001\0001\000.\0002\000.\0001\000\040\000o\000n\000C\000r\000e\000a\000t\000e\000\050\000\051}{subsection.5.11.2}% 88
\BOOKMARK [3][-]{subsubsection.5.11.2.2}{\376\377\0005\000.\0001\0001\000.\0002\000.\0002\000\040\000o\000n\000N\000a\000v\000i\000g\000a\000t\000i\000o\000n\000I\000t\000e\000m\000S\000e\000l\000e\000c\000t\000e\000d\000\050\000\051}{subsection.5.11.2}% 89
\BOOKMARK [1][-]{section.5.12}{\376\377\0005\000.\0001\0002\000\040\000A\000n\000d\000r\000o\000i\000d\000A\000p\000p\000.\000M\000a\000p\000s\000A\000c\000t\000i\000v\000i\000t\000y\000\040\000C\000l\000a\000s\000s\000\040\000R\000e\000f\000e\000r\000e\000n\000c\000e}{chapter.5}% 90
\BOOKMARK [2][-]{subsection.5.12.1}{\376\377\0005\000.\0001\0002\000.\0001\000\040\000D\000e\000t\000a\000i\000l\000e\000d\000\040\000D\000e\000s\000c\000r\000i\000p\000t\000i\000o\000n}{section.5.12}% 91
\BOOKMARK [2][-]{subsection.5.12.2}{\376\377\0005\000.\0001\0002\000.\0002\000\040\000M\000e\000m\000b\000e\000r\000\040\000F\000u\000n\000c\000t\000i\000o\000n\000\040\000D\000o\000c\000u\000m\000e\000n\000t\000a\000t\000i\000o\000n}{section.5.12}% 92
\BOOKMARK [3][-]{subsubsection.5.12.2.1}{\376\377\0005\000.\0001\0002\000.\0002\000.\0001\000\040\000o\000n\000C\000r\000e\000a\000t\000e\000\050\000\051}{subsection.5.12.2}% 93
\BOOKMARK [3][-]{subsubsection.5.12.2.2}{\376\377\0005\000.\0001\0002\000.\0002\000.\0002\000\040\000f\000i\000n\000d\000J\000S\000O\000N\000B\000y\000L\000a\000t\000L\000n\000g\000\050\000\051}{subsection.5.12.2}% 94
\BOOKMARK [3][-]{subsubsection.5.12.2.3}{\376\377\0005\000.\0001\0002\000.\0002\000.\0003\000\040\000c\000a\000l\000c\000D\000i\000s\000t\000a\000n\000c\000e\000\050\000\051}{subsection.5.12.2}% 95
\BOOKMARK [3][-]{subsubsection.5.12.2.4}{\376\377\0005\000.\0001\0002\000.\0002\000.\0004\000\040\000o\000n\000M\000a\000p\000R\000e\000a\000d\000y\000\050\000\051}{subsection.5.12.2}% 96
\BOOKMARK [3][-]{subsubsection.5.12.2.5}{\376\377\0005\000.\0001\0002\000.\0002\000.\0005\000\040\000c\000o\000n\000v\000e\000r\000t\000D\000p\000T\000o\000P\000i\000x\000e\000l\000\050\000\051}{subsection.5.12.2}% 97
\BOOKMARK [3][-]{subsubsection.5.12.2.6}{\376\377\0005\000.\0001\0002\000.\0002\000.\0006\000\040\000g\000e\000t\000B\000i\000t\000m\000a\000p\000D\000e\000s\000c\000r\000i\000p\000t\000o\000r\000\050\000\051}{subsection.5.12.2}% 98
\BOOKMARK [1][-]{section.5.13}{\376\377\0005\000.\0001\0003\000\040\000A\000n\000d\000r\000o\000i\000d\000A\000p\000p\000.\000M\000a\000p\000s\000A\000c\000t\000i\000v\000i\000t\000y\000.\000S\000t\000a\000t\000i\000s\000t\000i\000c\000W\000i\000n\000d\000o\000w\000A\000d\000a\000p\000t\000e\000r\000\040\000C\000l\000a\000s\000s\000\040\000R\000e\000f\000e\000r\000e\000n\000c\000e}{chapter.5}% 99
\BOOKMARK [2][-]{subsection.5.13.1}{\376\377\0005\000.\0001\0003\000.\0001\000\040\000D\000e\000t\000a\000i\000l\000e\000d\000\040\000D\000e\000s\000c\000r\000i\000p\000t\000i\000o\000n}{section.5.13}% 100
\BOOKMARK [2][-]{subsection.5.13.2}{\376\377\0005\000.\0001\0003\000.\0002\000\040\000M\000e\000m\000b\000e\000r\000\040\000F\000u\000n\000c\000t\000i\000o\000n\000\040\000D\000o\000c\000u\000m\000e\000n\000t\000a\000t\000i\000o\000n}{section.5.13}% 101
\BOOKMARK [3][-]{subsubsection.5.13.2.1}{\376\377\0005\000.\0001\0003\000.\0002\000.\0001\000\040\000g\000e\000t\000I\000n\000f\000o\000C\000o\000n\000t\000e\000n\000t\000s\000\050\000\051}{subsection.5.13.2}% 102
\BOOKMARK [1][-]{section.5.14}{\376\377\0005\000.\0001\0004\000\040\000A\000n\000d\000r\000o\000i\000d\000A\000p\000p\000.\000M\000a\000p\000s\000A\000c\000t\000i\000v\000i\000t\000y\000.\000Z\000o\000o\000m\000T\000o\000o\000g\000l\000e\000L\000i\000s\000t\000e\000n\000e\000r\000\040\000C\000l\000a\000s\000s\000\040\000R\000e\000f\000e\000r\000e\000n\000c\000e}{chapter.5}% 103
\BOOKMARK [2][-]{subsection.5.14.1}{\376\377\0005\000.\0001\0004\000.\0001\000\040\000D\000e\000t\000a\000i\000l\000e\000d\000\040\000D\000e\000s\000c\000r\000i\000p\000t\000i\000o\000n}{section.5.14}% 104
\BOOKMARK [2][-]{subsection.5.14.2}{\376\377\0005\000.\0001\0004\000.\0002\000\040\000M\000e\000m\000b\000e\000r\000\040\000F\000u\000n\000c\000t\000i\000o\000n\000\040\000D\000o\000c\000u\000m\000e\000n\000t\000a\000t\000i\000o\000n}{section.5.14}% 105
\BOOKMARK [3][-]{subsubsection.5.14.2.1}{\376\377\0005\000.\0001\0004\000.\0002\000.\0001\000\040\000s\000e\000t\000M\000a\000r\000k\000e\000r\000s\000V\000i\000s\000i\000b\000l\000e\000\050\000\051}{subsection.5.14.2}% 106
\BOOKMARK [1][-]{section.5.15}{\376\377\0005\000.\0001\0005\000\040\000A\000n\000d\000r\000o\000i\000d\000A\000p\000p\000.\000P\000a\000i\000r\000D\000e\000v\000i\000c\000e\000F\000r\000a\000g\000m\000e\000n\000t\000\040\000C\000l\000a\000s\000s\000\040\000R\000e\000f\000e\000r\000e\000n\000c\000e}{chapter.5}% 107
\BOOKMARK [2][-]{subsection.5.15.1}{\376\377\0005\000.\0001\0005\000.\0001\000\040\000D\000e\000t\000a\000i\000l\000e\000d\000\040\000D\000e\000s\000c\000r\000i\000p\000t\000i\000o\000n}{section.5.15}% 108
\BOOKMARK [2][-]{subsection.5.15.2}{\376\377\0005\000.\0001\0005\000.\0002\000\040\000C\000o\000n\000s\000t\000r\000u\000c\000t\000o\000r\000\040\000\046\000\040\000D\000e\000s\000t\000r\000u\000c\000t\000o\000r\000\040\000D\000o\000c\000u\000m\000e\000n\000t\000a\000t\000i\000o\000n}{section.5.15}% 109
\BOOKMARK [3][-]{subsubsection.5.15.2.1}{\376\377\0005\000.\0001\0005\000.\0002\000.\0001\000\040\000P\000a\000i\000r\000D\000e\000v\000i\000c\000e\000F\000r\000a\000g\000m\000e\000n\000t\000\050\000\051}{subsection.5.15.2}% 110
\BOOKMARK [2][-]{subsection.5.15.3}{\376\377\0005\000.\0001\0005\000.\0003\000\040\000M\000e\000m\000b\000e\000r\000\040\000F\000u\000n\000c\000t\000i\000o\000n\000\040\000D\000o\000c\000u\000m\000e\000n\000t\000a\000t\000i\000o\000n}{section.5.15}% 111
\BOOKMARK [3][-]{subsubsection.5.15.3.1}{\376\377\0005\000.\0001\0005\000.\0003\000.\0001\000\040\000o\000n\000C\000r\000e\000a\000t\000e\000V\000i\000e\000w\000\050\000\051}{subsection.5.15.3}% 112
\BOOKMARK [3][-]{subsubsection.5.15.3.2}{\376\377\0005\000.\0001\0005\000.\0003\000.\0002\000\040\000g\000e\000t\000B\000T\000C\000o\000n\000n\000e\000c\000t\000i\000o\000n\000\050\000\051}{subsection.5.15.3}% 113
\BOOKMARK [3][-]{subsubsection.5.15.3.3}{\376\377\0005\000.\0001\0005\000.\0003\000.\0003\000\040\000g\000e\000t\000N\000e\000e\000d\000e\000d\000P\000r\000i\000v\000i\000l\000e\000g\000e\000s\000\050\000\051}{subsection.5.15.3}% 114
\BOOKMARK [1][-]{section.5.16}{\376\377\0005\000.\0001\0006\000\040\000A\000n\000d\000r\000o\000i\000d\000A\000p\000p\000.\000P\000a\000i\000r\000D\000e\000v\000i\000c\000e\000F\000r\000a\000g\000m\000e\000n\000t\000.\000D\000e\000v\000i\000c\000e\000I\000t\000e\000m\000L\000i\000s\000t\000e\000n\000e\000r\000\040\000C\000l\000a\000s\000s\000\040\000R\000e\000f\000e\000r\000e\000n\000c\000e}{chapter.5}% 115
\BOOKMARK [2][-]{subsection.5.16.1}{\376\377\0005\000.\0001\0006\000.\0001\000\040\000D\000e\000t\000a\000i\000l\000e\000d\000\040\000D\000e\000s\000c\000r\000i\000p\000t\000i\000o\000n}{section.5.16}% 116
\BOOKMARK [2][-]{subsection.5.16.2}{\376\377\0005\000.\0001\0006\000.\0002\000\040\000M\000e\000m\000b\000e\000r\000\040\000F\000u\000n\000c\000t\000i\000o\000n\000\040\000D\000o\000c\000u\000m\000e\000n\000t\000a\000t\000i\000o\000n}{section.5.16}% 117
\BOOKMARK [3][-]{subsubsection.5.16.2.1}{\376\377\0005\000.\0001\0006\000.\0002\000.\0001\000\040\000o\000n\000I\000t\000e\000m\000C\000l\000i\000c\000k\000\050\000\051}{subsection.5.16.2}% 118
\BOOKMARK [1][-]{section.5.17}{\376\377\0005\000.\0001\0007\000\040\000A\000n\000d\000r\000o\000i\000d\000A\000p\000p\000.\000P\000a\000i\000r\000D\000e\000v\000i\000c\000e\000F\000r\000a\000g\000m\000e\000n\000t\000.\000D\000i\000s\000c\000o\000v\000e\000r\000B\000u\000t\000t\000o\000n\000L\000i\000s\000t\000e\000n\000e\000r\000\040\000C\000l\000a\000s\000s\000\040\000R\000e\000f\000e\000r\000e\000n\000c\000e}{chapter.5}% 119
\BOOKMARK [2][-]{subsection.5.17.1}{\376\377\0005\000.\0001\0007\000.\0001\000\040\000D\000e\000t\000a\000i\000l\000e\000d\000\040\000D\000e\000s\000c\000r\000i\000p\000t\000i\000o\000n}{section.5.17}% 120
\BOOKMARK [2][-]{subsection.5.17.2}{\376\377\0005\000.\0001\0007\000.\0002\000\040\000M\000e\000m\000b\000e\000r\000\040\000F\000u\000n\000c\000t\000i\000o\000n\000\040\000D\000o\000c\000u\000m\000e\000n\000t\000a\000t\000i\000o\000n}{section.5.17}% 121
\BOOKMARK [3][-]{subsubsection.5.17.2.1}{\376\377\0005\000.\0001\0007\000.\0002\000.\0001\000\040\000o\000n\000C\000h\000e\000c\000k\000e\000d\000C\000h\000a\000n\000g\000e\000d\000\050\000\051}{subsection.5.17.2}% 122
\BOOKMARK [1][-]{section.5.18}{\376\377\0005\000.\0001\0008\000\040\000A\000n\000d\000r\000o\000i\000d\000A\000p\000p\000.\000P\000a\000i\000r\000D\000e\000v\000i\000c\000e\000F\000r\000a\000g\000m\000e\000n\000t\000.\000D\000i\000s\000c\000o\000v\000e\000r\000R\000e\000c\000e\000i\000v\000e\000r\000\040\000C\000l\000a\000s\000s\000\040\000R\000e\000f\000e\000r\000e\000n\000c\000e}{chapter.5}% 123
\BOOKMARK [2][-]{subsection.5.18.1}{\376\377\0005\000.\0001\0008\000.\0001\000\040\000D\000e\000t\000a\000i\000l\000e\000d\000\040\000D\000e\000s\000c\000r\000i\000p\000t\000i\000o\000n}{section.5.18}% 124
\BOOKMARK [2][-]{subsection.5.18.2}{\376\377\0005\000.\0001\0008\000.\0002\000\040\000M\000e\000m\000b\000e\000r\000\040\000F\000u\000n\000c\000t\000i\000o\000n\000\040\000D\000o\000c\000u\000m\000e\000n\000t\000a\000t\000i\000o\000n}{section.5.18}% 125
\BOOKMARK [3][-]{subsubsection.5.18.2.1}{\376\377\0005\000.\0001\0008\000.\0002\000.\0001\000\040\000o\000n\000R\000e\000c\000e\000i\000v\000e\000\050\000\051}{subsection.5.18.2}% 126
\BOOKMARK [1][-]{section.5.19}{\376\377\0005\000.\0001\0009\000\040\000A\000n\000d\000r\000o\000i\000d\000A\000p\000p\000.\000R\000e\000a\000l\000t\000i\000m\000e\000F\000r\000a\000g\000m\000e\000n\000t\000\040\000C\000l\000a\000s\000s\000\040\000R\000e\000f\000e\000r\000e\000n\000c\000e}{chapter.5}% 127
\BOOKMARK [2][-]{subsection.5.19.1}{\376\377\0005\000.\0001\0009\000.\0001\000\040\000D\000e\000t\000a\000i\000l\000e\000d\000\040\000D\000e\000s\000c\000r\000i\000p\000t\000i\000o\000n}{section.5.19}% 128
\BOOKMARK [2][-]{subsection.5.19.2}{\376\377\0005\000.\0001\0009\000.\0002\000\040\000C\000o\000n\000s\000t\000r\000u\000c\000t\000o\000r\000\040\000\046\000\040\000D\000e\000s\000t\000r\000u\000c\000t\000o\000r\000\040\000D\000o\000c\000u\000m\000e\000n\000t\000a\000t\000i\000o\000n}{section.5.19}% 129
\BOOKMARK [3][-]{subsubsection.5.19.2.1}{\376\377\0005\000.\0001\0009\000.\0002\000.\0001\000\040\000R\000e\000a\000l\000t\000i\000m\000e\000F\000r\000a\000g\000m\000e\000n\000t\000\050\000\051}{subsection.5.19.2}% 130
\BOOKMARK [2][-]{subsection.5.19.3}{\376\377\0005\000.\0001\0009\000.\0003\000\040\000M\000e\000m\000b\000e\000r\000\040\000F\000u\000n\000c\000t\000i\000o\000n\000\040\000D\000o\000c\000u\000m\000e\000n\000t\000a\000t\000i\000o\000n}{section.5.19}% 131
\BOOKMARK [3][-]{subsubsection.5.19.3.1}{\376\377\0005\000.\0001\0009\000.\0003\000.\0001\000\040\000o\000n\000C\000r\000e\000a\000t\000e\000V\000i\000e\000w\000\050\000\051}{subsection.5.19.3}% 132
\BOOKMARK [3][-]{subsubsection.5.19.3.2}{\376\377\0005\000.\0001\0009\000.\0003\000.\0002\000\040\000n\000e\000w\000D\000a\000t\000a\000\050\000\051}{subsection.5.19.3}% 133
\BOOKMARK [2][-]{subsection.5.19.4}{\376\377\0005\000.\0001\0009\000.\0004\000\040\000M\000e\000m\000b\000e\000r\000\040\000D\000a\000t\000a\000\040\000D\000o\000c\000u\000m\000e\000n\000t\000a\000t\000i\000o\000n}{section.5.19}% 134
\BOOKMARK [3][-]{subsubsection.5.19.4.1}{\376\377\0005\000.\0001\0009\000.\0004\000.\0001\000\040\000R\000X\000H\000a\000n\000d\000l\000e\000r}{subsection.5.19.4}% 135
\BOOKMARK [1][-]{section.5.20}{\376\377\0005\000.\0002\0000\000\040\000A\000n\000d\000r\000o\000i\000d\000A\000p\000p\000.\000R\000e\000a\000l\000t\000i\000m\000e\000F\000r\000a\000g\000m\000e\000n\000t\000.\000M\000a\000p\000B\000u\000t\000t\000o\000n\000L\000i\000s\000t\000e\000n\000e\000r\000\040\000C\000l\000a\000s\000s\000\040\000R\000e\000f\000e\000r\000e\000n\000c\000e}{chapter.5}% 136
\BOOKMARK [2][-]{subsection.5.20.1}{\376\377\0005\000.\0002\0000\000.\0001\000\040\000D\000e\000t\000a\000i\000l\000e\000d\000\040\000D\000e\000s\000c\000r\000i\000p\000t\000i\000o\000n}{section.5.20}% 137
\BOOKMARK [2][-]{subsection.5.20.2}{\376\377\0005\000.\0002\0000\000.\0002\000\040\000M\000e\000m\000b\000e\000r\000\040\000F\000u\000n\000c\000t\000i\000o\000n\000\040\000D\000o\000c\000u\000m\000e\000n\000t\000a\000t\000i\000o\000n}{section.5.20}% 138
\BOOKMARK [3][-]{subsubsection.5.20.2.1}{\376\377\0005\000.\0002\0000\000.\0002\000.\0001\000\040\000o\000n\000C\000l\000i\000c\000k\000\050\000\051}{subsection.5.20.2}% 139
\BOOKMARK [1][-]{section.5.21}{\376\377\0005\000.\0002\0001\000\040\000A\000n\000d\000r\000o\000i\000d\000A\000p\000p\000.\000S\000e\000t\000O\000f\000D\000a\000t\000a\000I\000t\000e\000m\000s\000\040\000C\000l\000a\000s\000s\000\040\000R\000e\000f\000e\000r\000e\000n\000c\000e}{chapter.5}% 140
\BOOKMARK [2][-]{subsection.5.21.1}{\376\377\0005\000.\0002\0001\000.\0001\000\040\000D\000e\000t\000a\000i\000l\000e\000d\000\040\000D\000e\000s\000c\000r\000i\000p\000t\000i\000o\000n}{section.5.21}% 141
\BOOKMARK [2][-]{subsection.5.21.2}{\376\377\0005\000.\0002\0001\000.\0002\000\040\000M\000e\000m\000b\000e\000r\000\040\000F\000u\000n\000c\000t\000i\000o\000n\000\040\000D\000o\000c\000u\000m\000e\000n\000t\000a\000t\000i\000o\000n}{section.5.21}% 142
\BOOKMARK [3][-]{subsubsection.5.21.2.1}{\376\377\0005\000.\0002\0001\000.\0002\000.\0001\000\040\000g\000e\000t\000I\000t\000e\000m\000B\000y\000N\000a\000m\000e\000\050\000\051}{subsection.5.21.2}% 143
\BOOKMARK [1][-]{section.5.22}{\376\377\0005\000.\0002\0002\000\040\000A\000n\000d\000r\000o\000i\000d\000A\000p\000p\000.\000T\000r\000i\000p\000I\000t\000e\000m\000\040\000C\000l\000a\000s\000s\000\040\000R\000e\000f\000e\000r\000e\000n\000c\000e}{chapter.5}% 144
\BOOKMARK [2][-]{subsection.5.22.1}{\376\377\0005\000.\0002\0002\000.\0001\000\040\000D\000e\000t\000a\000i\000l\000e\000d\000\040\000D\000e\000s\000c\000r\000i\000p\000t\000i\000o\000n}{section.5.22}% 145
\BOOKMARK [2][-]{subsection.5.22.2}{\376\377\0005\000.\0002\0002\000.\0002\000\040\000C\000o\000n\000s\000t\000r\000u\000c\000t\000o\000r\000\040\000\046\000\040\000D\000e\000s\000t\000r\000u\000c\000t\000o\000r\000\040\000D\000o\000c\000u\000m\000e\000n\000t\000a\000t\000i\000o\000n}{section.5.22}% 146
\BOOKMARK [3][-]{subsubsection.5.22.2.1}{\376\377\0005\000.\0002\0002\000.\0002\000.\0001\000\040\000T\000r\000i\000p\000I\000t\000e\000m\000\050\000\051}{subsection.5.22.2}% 147
\BOOKMARK [2][-]{subsection.5.22.3}{\376\377\0005\000.\0002\0002\000.\0003\000\040\000M\000e\000m\000b\000e\000r\000\040\000F\000u\000n\000c\000t\000i\000o\000n\000\040\000D\000o\000c\000u\000m\000e\000n\000t\000a\000t\000i\000o\000n}{section.5.22}% 148
\BOOKMARK [3][-]{subsubsection.5.22.3.1}{\376\377\0005\000.\0002\0002\000.\0003\000.\0001\000\040\000g\000e\000t\000T\000r\000i\000p\000N\000a\000m\000e\000\050\000\051}{subsection.5.22.3}% 149
\BOOKMARK [3][-]{subsubsection.5.22.3.2}{\376\377\0005\000.\0002\0002\000.\0003\000.\0002\000\040\000s\000e\000t\000T\000r\000i\000p\000N\000a\000m\000e\000\050\000\051}{subsection.5.22.3}% 150
\BOOKMARK [3][-]{subsubsection.5.22.3.3}{\376\377\0005\000.\0002\0002\000.\0003\000.\0003\000\040\000g\000e\000t\000F\000i\000l\000e\000S\000i\000z\000e\000\050\000\051}{subsection.5.22.3}% 151
\BOOKMARK [3][-]{subsubsection.5.22.3.4}{\376\377\0005\000.\0002\0002\000.\0003\000.\0004\000\040\000s\000e\000t\000F\000i\000l\000e\000S\000i\000z\000e\000\050\000\051}{subsection.5.22.3}% 152
\BOOKMARK [1][-]{section.5.23}{\376\377\0005\000.\0002\0003\000\040\000A\000n\000d\000r\000o\000i\000d\000A\000p\000p\000.\000T\000r\000i\000p\000L\000i\000s\000t\000A\000d\000a\000p\000t\000e\000r\000\040\000C\000l\000a\000s\000s\000\040\000R\000e\000f\000e\000r\000e\000n\000c\000e}{chapter.5}% 153
\BOOKMARK [2][-]{subsection.5.23.1}{\376\377\0005\000.\0002\0003\000.\0001\000\040\000D\000e\000t\000a\000i\000l\000e\000d\000\040\000D\000e\000s\000c\000r\000i\000p\000t\000i\000o\000n}{section.5.23}% 154
\BOOKMARK [2][-]{subsection.5.23.2}{\376\377\0005\000.\0002\0003\000.\0002\000\040\000C\000o\000n\000s\000t\000r\000u\000c\000t\000o\000r\000\040\000\046\000\040\000D\000e\000s\000t\000r\000u\000c\000t\000o\000r\000\040\000D\000o\000c\000u\000m\000e\000n\000t\000a\000t\000i\000o\000n}{section.5.23}% 155
\BOOKMARK [3][-]{subsubsection.5.23.2.1}{\376\377\0005\000.\0002\0003\000.\0002\000.\0001\000\040\000T\000r\000i\000p\000L\000i\000s\000t\000A\000d\000a\000p\000t\000e\000r\000\050\000\051}{subsection.5.23.2}% 156
\BOOKMARK [2][-]{subsection.5.23.3}{\376\377\0005\000.\0002\0003\000.\0003\000\040\000M\000e\000m\000b\000e\000r\000\040\000F\000u\000n\000c\000t\000i\000o\000n\000\040\000D\000o\000c\000u\000m\000e\000n\000t\000a\000t\000i\000o\000n}{section.5.23}% 157
\BOOKMARK [3][-]{subsubsection.5.23.3.1}{\376\377\0005\000.\0002\0003\000.\0003\000.\0001\000\040\000g\000e\000t\000V\000i\000e\000w\000\050\000\051}{subsection.5.23.3}% 158
\BOOKMARK [1][-]{section.5.24}{\376\377\0005\000.\0002\0004\000\040\000A\000n\000d\000r\000o\000i\000d\000A\000p\000p\000.\000T\000r\000i\000p\000L\000i\000s\000t\000A\000d\000a\000p\000t\000e\000r\000.\000V\000i\000e\000w\000H\000o\000l\000d\000e\000r\000\040\000C\000l\000a\000s\000s\000\040\000R\000e\000f\000e\000r\000e\000n\000c\000e}{chapter.5}% 159
\BOOKMARK [2][-]{subsection.5.24.1}{\376\377\0005\000.\0002\0004\000.\0001\000\040\000D\000e\000t\000a\000i\000l\000e\000d\000\040\000D\000e\000s\000c\000r\000i\000p\000t\000i\000o\000n}{section.5.24}% 160
\BOOKMARK [1][-]{section.5.25}{\376\377\0005\000.\0002\0005\000\040\000L\000o\000g\000g\000i\000n\000g\000D\000e\000v\000i\000c\000e\000:\000:\000O\000r\000i\000e\000n\000t\000a\000t\000i\000o\000n\000\040\000C\000l\000a\000s\000s\000\040\000R\000e\000f\000e\000r\000e\000n\000c\000e}{chapter.5}% 161
\BOOKMARK [2][-]{subsection.5.25.1}{\376\377\0005\000.\0002\0005\000.\0001\000\040\000D\000e\000t\000a\000i\000l\000e\000d\000\040\000D\000e\000s\000c\000r\000i\000p\000t\000i\000o\000n}{section.5.25}% 162
\BOOKMARK [2][-]{subsection.5.25.2}{\376\377\0005\000.\0002\0005\000.\0002\000\040\000M\000e\000m\000b\000e\000r\000\040\000F\000u\000n\000c\000t\000i\000o\000n\000\040\000D\000o\000c\000u\000m\000e\000n\000t\000a\000t\000i\000o\000n}{section.5.25}% 163
\BOOKMARK [3][-]{subsubsection.5.25.2.1}{\376\377\0005\000.\0002\0005\000.\0002\000.\0001\000\040\000c\000o\000n\000v\000e\000r\000t\000R\000a\000w\000A\000c\000c\000e\000l\000\050\000\051}{subsection.5.25.2}% 164
\BOOKMARK [3][-]{subsubsection.5.25.2.2}{\376\377\0005\000.\0002\0005\000.\0002\000.\0002\000\040\000c\000o\000n\000v\000e\000r\000t\000R\000a\000w\000G\000y\000r\000o\000\050\000\051}{subsection.5.25.2}% 165
\BOOKMARK [3][-]{subsubsection.5.25.2.3}{\376\377\0005\000.\0002\0005\000.\0002\000.\0003\000\040\000i\000n\000i\000t\000\050\000\051}{subsection.5.25.2}% 166
\BOOKMARK [3][-]{subsubsection.5.25.2.4}{\376\377\0005\000.\0002\0005\000.\0002\000.\0004\000\040\000p\000o\000l\000l\000I\000M\000U\000\050\000\051}{subsection.5.25.2}% 167
\BOOKMARK [3][-]{subsubsection.5.25.2.5}{\376\377\0005\000.\0002\0005\000.\0002\000.\0005\000\040\000g\000e\000t\000Y\000a\000w\000\050\000\051}{subsection.5.25.2}% 168
\BOOKMARK [3][-]{subsubsection.5.25.2.6}{\376\377\0005\000.\0002\0005\000.\0002\000.\0006\000\040\000g\000e\000t\000P\000i\000t\000c\000h\000\050\000\051}{subsection.5.25.2}% 169
\BOOKMARK [3][-]{subsubsection.5.25.2.7}{\376\377\0005\000.\0002\0005\000.\0002\000.\0007\000\040\000g\000e\000t\000R\000o\000l\000l\000\050\000\051}{subsection.5.25.2}% 170
\BOOKMARK [1][-]{section.5.26}{\376\377\0005\000.\0002\0006\000\040\000L\000o\000g\000g\000i\000n\000g\000D\000e\000v\000i\000c\000e\000:\000:\000S\000t\000o\000r\000a\000g\000e\000\040\000C\000l\000a\000s\000s\000\040\000R\000e\000f\000e\000r\000e\000n\000c\000e}{chapter.5}% 171
\BOOKMARK [2][-]{subsection.5.26.1}{\376\377\0005\000.\0002\0006\000.\0001\000\040\000D\000e\000t\000a\000i\000l\000e\000d\000\040\000D\000e\000s\000c\000r\000i\000p\000t\000i\000o\000n}{section.5.26}% 172
\BOOKMARK [2][-]{subsection.5.26.2}{\376\377\0005\000.\0002\0006\000.\0002\000\040\000M\000e\000m\000b\000e\000r\000\040\000F\000u\000n\000c\000t\000i\000o\000n\000\040\000D\000o\000c\000u\000m\000e\000n\000t\000a\000t\000i\000o\000n}{section.5.26}% 173
\BOOKMARK [3][-]{subsubsection.5.26.2.1}{\376\377\0005\000.\0002\0006\000.\0002\000.\0001\000\040\000i\000n\000i\000t\000\050\000\051}{subsection.5.26.2}% 174
\BOOKMARK [3][-]{subsubsection.5.26.2.2}{\376\377\0005\000.\0002\0006\000.\0002\000.\0002\000\040\000s\000a\000v\000e\000T\000o\000F\000i\000l\000e\000\050\000\051}{subsection.5.26.2}% 175
\BOOKMARK [3][-]{subsubsection.5.26.2.3}{\376\377\0005\000.\0002\0006\000.\0002\000.\0003\000\040\000g\000e\000n\000e\000r\000a\000t\000e\000F\000i\000l\000e\000N\000a\000m\000e\000\050\000\051}{subsection.5.26.2}% 176
\BOOKMARK [3][-]{subsubsection.5.26.2.4}{\376\377\0005\000.\0002\0006\000.\0002\000.\0004\000\040\000l\000o\000a\000d\000T\000r\000i\000p\000N\000a\000m\000e\000s\000\050\000\051}{subsection.5.26.2}% 177
\BOOKMARK [3][-]{subsubsection.5.26.2.5}{\376\377\0005\000.\0002\0006\000.\0002\000.\0005\000\040\000l\000o\000a\000d\000S\000a\000v\000e\000d\000T\000r\000i\000p\000\050\000\051}{subsection.5.26.2}% 178
\BOOKMARK [0][-]{chapter.6}{\376\377\0006\000\040\000F\000i\000l\000e\000\040\000D\000o\000c\000u\000m\000e\000n\000t\000a\000t\000i\000o\000n}{}% 179
\BOOKMARK [1][-]{section.6.1}{\376\377\0006\000.\0001\000\040\000a\000n\000d\000r\000o\000i\000d\000-\000a\000p\000p\000/\000a\000p\000p\000/\000s\000r\000c\000/\000m\000a\000i\000n\000/\000j\000a\000v\000a\000/\000c\000o\000m\000/\000j\000a\000c\000k\000/\000m\000o\000t\000o\000r\000b\000i\000k\000e\000s\000t\000a\000t\000i\000s\000t\000i\000c\000s\000/\000B\000T\000C\000o\000n\000n\000e\000c\000t\000i\000o\000n\000.\000j\000a\000v\000a\000\040\000F\000i\000l\000e\000\040\000R\000e\000f\000e\000r\000e\000n\000c\000e}{chapter.6}% 180
\BOOKMARK [2][-]{subsection.6.1.1}{\376\377\0006\000.\0001\000.\0001\000\040\000D\000e\000t\000a\000i\000l\000e\000d\000\040\000D\000e\000s\000c\000r\000i\000p\000t\000i\000o\000n}{section.6.1}% 181
\BOOKMARK [1][-]{section.6.2}{\376\377\0006\000.\0002\000\040\000a\000n\000d\000r\000o\000i\000d\000-\000a\000p\000p\000/\000a\000p\000p\000/\000s\000r\000c\000/\000m\000a\000i\000n\000/\000j\000a\000v\000a\000/\000c\000o\000m\000/\000j\000a\000c\000k\000/\000m\000o\000t\000o\000r\000b\000i\000k\000e\000s\000t\000a\000t\000i\000s\000t\000i\000c\000s\000/\000B\000T\000D\000e\000v\000i\000c\000e\000I\000t\000e\000m\000.\000j\000a\000v\000a\000\040\000F\000i\000l\000e\000\040\000R\000e\000f\000e\000r\000e\000n\000c\000e}{chapter.6}% 182
\BOOKMARK [2][-]{subsection.6.2.1}{\376\377\0006\000.\0002\000.\0001\000\040\000D\000e\000t\000a\000i\000l\000e\000d\000\040\000D\000e\000s\000c\000r\000i\000p\000t\000i\000o\000n}{section.6.2}% 183
\BOOKMARK [1][-]{section.6.3}{\376\377\0006\000.\0003\000\040\000a\000n\000d\000r\000o\000i\000d\000-\000a\000p\000p\000/\000a\000p\000p\000/\000s\000r\000c\000/\000m\000a\000i\000n\000/\000j\000a\000v\000a\000/\000c\000o\000m\000/\000j\000a\000c\000k\000/\000m\000o\000t\000o\000r\000b\000i\000k\000e\000s\000t\000a\000t\000i\000s\000t\000i\000c\000s\000/\000B\000T\000D\000e\000v\000i\000c\000e\000L\000i\000s\000t\000A\000d\000a\000p\000t\000e\000r\000.\000j\000a\000v\000a\000\040\000F\000i\000l\000e\000\040\000R\000e\000f\000e\000r\000e\000n\000c\000e}{chapter.6}% 184
\BOOKMARK [2][-]{subsection.6.3.1}{\376\377\0006\000.\0003\000.\0001\000\040\000D\000e\000t\000a\000i\000l\000e\000d\000\040\000D\000e\000s\000c\000r\000i\000p\000t\000i\000o\000n}{section.6.3}% 185
\BOOKMARK [1][-]{section.6.4}{\376\377\0006\000.\0004\000\040\000a\000n\000d\000r\000o\000i\000d\000-\000a\000p\000p\000/\000a\000p\000p\000/\000s\000r\000c\000/\000m\000a\000i\000n\000/\000j\000a\000v\000a\000/\000c\000o\000m\000/\000j\000a\000c\000k\000/\000m\000o\000t\000o\000r\000b\000i\000k\000e\000s\000t\000a\000t\000i\000s\000t\000i\000c\000s\000/\000D\000a\000t\000a\000I\000t\000e\000m\000.\000j\000a\000v\000a\000\040\000F\000i\000l\000e\000\040\000R\000e\000f\000e\000r\000e\000n\000c\000e}{chapter.6}% 186
\BOOKMARK [2][-]{subsection.6.4.1}{\376\377\0006\000.\0004\000.\0001\000\040\000D\000e\000t\000a\000i\000l\000e\000d\000\040\000D\000e\000s\000c\000r\000i\000p\000t\000i\000o\000n}{section.6.4}% 187
\BOOKMARK [1][-]{section.6.5}{\376\377\0006\000.\0005\000\040\000a\000n\000d\000r\000o\000i\000d\000-\000a\000p\000p\000/\000a\000p\000p\000/\000s\000r\000c\000/\000m\000a\000i\000n\000/\000j\000a\000v\000a\000/\000c\000o\000m\000/\000j\000a\000c\000k\000/\000m\000o\000t\000o\000r\000b\000i\000k\000e\000s\000t\000a\000t\000i\000s\000t\000i\000c\000s\000/\000D\000a\000t\000a\000L\000i\000s\000t\000A\000d\000a\000p\000t\000e\000r\000.\000j\000a\000v\000a\000\040\000F\000i\000l\000e\000\040\000R\000e\000f\000e\000r\000e\000n\000c\000e}{chapter.6}% 188
\BOOKMARK [2][-]{subsection.6.5.1}{\376\377\0006\000.\0005\000.\0001\000\040\000D\000e\000t\000a\000i\000l\000e\000d\000\040\000D\000e\000s\000c\000r\000i\000p\000t\000i\000o\000n}{section.6.5}% 189
\BOOKMARK [1][-]{section.6.6}{\376\377\0006\000.\0006\000\040\000a\000n\000d\000r\000o\000i\000d\000-\000a\000p\000p\000/\000a\000p\000p\000/\000s\000r\000c\000/\000m\000a\000i\000n\000/\000j\000a\000v\000a\000/\000c\000o\000m\000/\000j\000a\000c\000k\000/\000m\000o\000t\000o\000r\000b\000i\000k\000e\000s\000t\000a\000t\000i\000s\000t\000i\000c\000s\000/\000J\000S\000O\000N\000H\000a\000n\000d\000l\000e\000r\000S\000i\000n\000g\000l\000e\000t\000o\000n\000.\000j\000a\000v\000a\000\040\000F\000i\000l\000e\000\040\000R\000e\000f\000e\000r\000e\000n\000c\000e}{chapter.6}% 190
\BOOKMARK [2][-]{subsection.6.6.1}{\376\377\0006\000.\0006\000.\0001\000\040\000D\000e\000t\000a\000i\000l\000e\000d\000\040\000D\000e\000s\000c\000r\000i\000p\000t\000i\000o\000n}{section.6.6}% 191
\BOOKMARK [1][-]{section.6.7}{\376\377\0006\000.\0007\000\040\000a\000n\000d\000r\000o\000i\000d\000-\000a\000p\000p\000/\000a\000p\000p\000/\000s\000r\000c\000/\000m\000a\000i\000n\000/\000j\000a\000v\000a\000/\000c\000o\000m\000/\000j\000a\000c\000k\000/\000m\000o\000t\000o\000r\000b\000i\000k\000e\000s\000t\000a\000t\000i\000s\000t\000i\000c\000s\000/\000L\000o\000a\000d\000D\000e\000v\000i\000c\000e\000F\000r\000a\000g\000m\000e\000n\000t\000.\000j\000a\000v\000a\000\040\000F\000i\000l\000e\000\040\000R\000e\000f\000e\000r\000e\000n\000c\000e}{chapter.6}% 192
\BOOKMARK [2][-]{subsection.6.7.1}{\376\377\0006\000.\0007\000.\0001\000\040\000D\000e\000t\000a\000i\000l\000e\000d\000\040\000D\000e\000s\000c\000r\000i\000p\000t\000i\000o\000n}{section.6.7}% 193
\BOOKMARK [1][-]{section.6.8}{\376\377\0006\000.\0008\000\040\000a\000n\000d\000r\000o\000i\000d\000-\000a\000p\000p\000/\000a\000p\000p\000/\000s\000r\000c\000/\000m\000a\000i\000n\000/\000j\000a\000v\000a\000/\000c\000o\000m\000/\000j\000a\000c\000k\000/\000m\000o\000t\000o\000r\000b\000i\000k\000e\000s\000t\000a\000t\000i\000s\000t\000i\000c\000s\000/\000M\000a\000i\000n\000A\000c\000t\000i\000v\000i\000t\000y\000.\000j\000a\000v\000a\000\040\000F\000i\000l\000e\000\040\000R\000e\000f\000e\000r\000e\000n\000c\000e}{chapter.6}% 194
\BOOKMARK [2][-]{subsection.6.8.1}{\376\377\0006\000.\0008\000.\0001\000\040\000D\000e\000t\000a\000i\000l\000e\000d\000\040\000D\000e\000s\000c\000r\000i\000p\000t\000i\000o\000n}{section.6.8}% 195
\BOOKMARK [1][-]{section.6.9}{\376\377\0006\000.\0009\000\040\000a\000n\000d\000r\000o\000i\000d\000-\000a\000p\000p\000/\000a\000p\000p\000/\000s\000r\000c\000/\000m\000a\000i\000n\000/\000j\000a\000v\000a\000/\000c\000o\000m\000/\000j\000a\000c\000k\000/\000m\000o\000t\000o\000r\000b\000i\000k\000e\000s\000t\000a\000t\000i\000s\000t\000i\000c\000s\000/\000M\000a\000p\000s\000A\000c\000t\000i\000v\000i\000t\000y\000.\000j\000a\000v\000a\000\040\000F\000i\000l\000e\000\040\000R\000e\000f\000e\000r\000e\000n\000c\000e}{chapter.6}% 196
\BOOKMARK [2][-]{subsection.6.9.1}{\376\377\0006\000.\0009\000.\0001\000\040\000D\000e\000t\000a\000i\000l\000e\000d\000\040\000D\000e\000s\000c\000r\000i\000p\000t\000i\000o\000n}{section.6.9}% 197
\BOOKMARK [1][-]{section.6.10}{\376\377\0006\000.\0001\0000\000\040\000a\000n\000d\000r\000o\000i\000d\000-\000a\000p\000p\000/\000a\000p\000p\000/\000s\000r\000c\000/\000m\000a\000i\000n\000/\000j\000a\000v\000a\000/\000c\000o\000m\000/\000j\000a\000c\000k\000/\000m\000o\000t\000o\000r\000b\000i\000k\000e\000s\000t\000a\000t\000i\000s\000t\000i\000c\000s\000/\000P\000a\000i\000r\000D\000e\000v\000i\000c\000e\000F\000r\000a\000g\000m\000e\000n\000t\000.\000j\000a\000v\000a\000\040\000F\000i\000l\000e\000\040\000R\000e\000f\000e\000r\000e\000n\000c\000e}{chapter.6}% 198
\BOOKMARK [2][-]{subsection.6.10.1}{\376\377\0006\000.\0001\0000\000.\0001\000\040\000D\000e\000t\000a\000i\000l\000e\000d\000\040\000D\000e\000s\000c\000r\000i\000p\000t\000i\000o\000n}{section.6.10}% 199
\BOOKMARK [1][-]{section.6.11}{\376\377\0006\000.\0001\0001\000\040\000a\000n\000d\000r\000o\000i\000d\000-\000a\000p\000p\000/\000a\000p\000p\000/\000s\000r\000c\000/\000m\000a\000i\000n\000/\000j\000a\000v\000a\000/\000c\000o\000m\000/\000j\000a\000c\000k\000/\000m\000o\000t\000o\000r\000b\000i\000k\000e\000s\000t\000a\000t\000i\000s\000t\000i\000c\000s\000/\000R\000e\000a\000l\000t\000i\000m\000e\000F\000r\000a\000g\000m\000e\000n\000t\000.\000j\000a\000v\000a\000\040\000F\000i\000l\000e\000\040\000R\000e\000f\000e\000r\000e\000n\000c\000e}{chapter.6}% 200
\BOOKMARK [2][-]{subsection.6.11.1}{\376\377\0006\000.\0001\0001\000.\0001\000\040\000D\000e\000t\000a\000i\000l\000e\000d\000\040\000D\000e\000s\000c\000r\000i\000p\000t\000i\000o\000n}{section.6.11}% 201
\BOOKMARK [1][-]{section.6.12}{\376\377\0006\000.\0001\0002\000\040\000a\000n\000d\000r\000o\000i\000d\000-\000a\000p\000p\000/\000a\000p\000p\000/\000s\000r\000c\000/\000m\000a\000i\000n\000/\000j\000a\000v\000a\000/\000c\000o\000m\000/\000j\000a\000c\000k\000/\000m\000o\000t\000o\000r\000b\000i\000k\000e\000s\000t\000a\000t\000i\000s\000t\000i\000c\000s\000/\000S\000e\000t\000O\000f\000D\000a\000t\000a\000I\000t\000e\000m\000s\000.\000j\000a\000v\000a\000\040\000F\000i\000l\000e\000\040\000R\000e\000f\000e\000r\000e\000n\000c\000e}{chapter.6}% 202
\BOOKMARK [2][-]{subsection.6.12.1}{\376\377\0006\000.\0001\0002\000.\0001\000\040\000D\000e\000t\000a\000i\000l\000e\000d\000\040\000D\000e\000s\000c\000r\000i\000p\000t\000i\000o\000n}{section.6.12}% 203
\BOOKMARK [1][-]{section.6.13}{\376\377\0006\000.\0001\0003\000\040\000a\000n\000d\000r\000o\000i\000d\000-\000a\000p\000p\000/\000a\000p\000p\000/\000s\000r\000c\000/\000m\000a\000i\000n\000/\000j\000a\000v\000a\000/\000c\000o\000m\000/\000j\000a\000c\000k\000/\000m\000o\000t\000o\000r\000b\000i\000k\000e\000s\000t\000a\000t\000i\000s\000t\000i\000c\000s\000/\000T\000r\000i\000p\000I\000t\000e\000m\000.\000j\000a\000v\000a\000\040\000F\000i\000l\000e\000\040\000R\000e\000f\000e\000r\000e\000n\000c\000e}{chapter.6}% 204
\BOOKMARK [2][-]{subsection.6.13.1}{\376\377\0006\000.\0001\0003\000.\0001\000\040\000D\000e\000t\000a\000i\000l\000e\000d\000\040\000D\000e\000s\000c\000r\000i\000p\000t\000i\000o\000n}{section.6.13}% 205
\BOOKMARK [1][-]{section.6.14}{\376\377\0006\000.\0001\0004\000\040\000a\000n\000d\000r\000o\000i\000d\000-\000a\000p\000p\000/\000a\000p\000p\000/\000s\000r\000c\000/\000m\000a\000i\000n\000/\000j\000a\000v\000a\000/\000c\000o\000m\000/\000j\000a\000c\000k\000/\000m\000o\000t\000o\000r\000b\000i\000k\000e\000s\000t\000a\000t\000i\000s\000t\000i\000c\000s\000/\000T\000r\000i\000p\000L\000i\000s\000t\000A\000d\000a\000p\000t\000e\000r\000.\000j\000a\000v\000a\000\040\000F\000i\000l\000e\000\040\000R\000e\000f\000e\000r\000e\000n\000c\000e}{chapter.6}% 206
\BOOKMARK [2][-]{subsection.6.14.1}{\376\377\0006\000.\0001\0004\000.\0001\000\040\000D\000e\000t\000a\000i\000l\000e\000d\000\040\000D\000e\000s\000c\000r\000i\000p\000t\000i\000o\000n}{section.6.14}% 207
\BOOKMARK [1][-]{section.6.15}{\376\377\0006\000.\0001\0005\000\040\000l\000o\000g\000g\000i\000n\000g\000-\000d\000e\000v\000i\000c\000e\000/\000l\000o\000g\000g\000i\000n\000g\000-\000d\000e\000v\000i\000c\000e\000.\000i\000n\000o\000\040\000F\000i\000l\000e\000\040\000R\000e\000f\000e\000r\000e\000n\000c\000e}{chapter.6}% 208
\BOOKMARK [2][-]{subsection.6.15.1}{\376\377\0006\000.\0001\0005\000.\0001\000\040\000D\000e\000t\000a\000i\000l\000e\000d\000\040\000D\000e\000s\000c\000r\000i\000p\000t\000i\000o\000n}{section.6.15}% 209
\BOOKMARK [2][-]{subsection.6.15.2}{\376\377\0006\000.\0001\0005\000.\0002\000\040\000F\000u\000n\000c\000t\000i\000o\000n\000\040\000D\000o\000c\000u\000m\000e\000n\000t\000a\000t\000i\000o\000n}{section.6.15}% 210
\BOOKMARK [3][-]{subsubsection.6.15.2.1}{\376\377\0006\000.\0001\0005\000.\0002\000.\0001\000\040\000s\000e\000t\000u\000p\000\050\000\051}{subsection.6.15.2}% 211
\BOOKMARK [3][-]{subsubsection.6.15.2.2}{\376\377\0006\000.\0001\0005\000.\0002\000.\0002\000\040\000l\000o\000o\000p\000\050\000\051}{subsection.6.15.2}% 212
\BOOKMARK [3][-]{subsubsection.6.15.2.3}{\376\377\0006\000.\0001\0005\000.\0002\000.\0003\000\040\000p\000a\000r\000s\000e\000N\000e\000w\000M\000o\000d\000e\000\050\000\051}{subsection.6.15.2}% 213
\BOOKMARK [3][-]{subsubsection.6.15.2.4}{\376\377\0006\000.\0001\0005\000.\0002\000.\0004\000\040\000r\000e\000a\000l\000T\000i\000m\000e\000M\000o\000d\000e\000\050\000\051}{subsection.6.15.2}% 214
\BOOKMARK [3][-]{subsubsection.6.15.2.5}{\376\377\0006\000.\0001\0005\000.\0002\000.\0005\000\040\000a\000d\000d\000O\000r\000i\000e\000n\000t\000a\000t\000i\000o\000n\000T\000o\000J\000S\000O\000N\000\050\000\051}{subsection.6.15.2}% 215
\BOOKMARK [3][-]{subsubsection.6.15.2.6}{\376\377\0006\000.\0001\0005\000.\0002\000.\0006\000\040\000a\000d\000d\000G\000P\000S\000T\000o\000J\000S\000O\000N\000\050\000\051}{subsection.6.15.2}% 216
\BOOKMARK [3][-]{subsubsection.6.15.2.7}{\376\377\0006\000.\0001\0005\000.\0002\000.\0007\000\040\000a\000d\000d\000T\000i\000m\000e\000T\000o\000J\000S\000O\000N\000\050\000\051}{subsection.6.15.2}% 217
\BOOKMARK [1][-]{section.6.16}{\376\377\0006\000.\0001\0006\000\040\000l\000o\000g\000g\000i\000n\000g\000-\000d\000e\000v\000i\000c\000e\000/\000O\000r\000i\000e\000n\000t\000a\000t\000i\000o\000n\000.\000c\000p\000p\000\040\000F\000i\000l\000e\000\040\000R\000e\000f\000e\000r\000e\000n\000c\000e}{chapter.6}% 218
\BOOKMARK [2][-]{subsection.6.16.1}{\376\377\0006\000.\0001\0006\000.\0001\000\040\000D\000e\000t\000a\000i\000l\000e\000d\000\040\000D\000e\000s\000c\000r\000i\000p\000t\000i\000o\000n}{section.6.16}% 219
\BOOKMARK [1][-]{section.6.17}{\376\377\0006\000.\0001\0007\000\040\000l\000o\000g\000g\000i\000n\000g\000-\000d\000e\000v\000i\000c\000e\000/\000S\000t\000o\000r\000a\000g\000e\000.\000c\000p\000p\000\040\000F\000i\000l\000e\000\040\000R\000e\000f\000e\000r\000e\000n\000c\000e}{chapter.6}% 220
\BOOKMARK [2][-]{subsection.6.17.1}{\376\377\0006\000.\0001\0007\000.\0001\000\040\000D\000e\000t\000a\000i\000l\000e\000d\000\040\000D\000e\000s\000c\000r\000i\000p\000t\000i\000o\000n}{section.6.17}% 221
\BOOKMARK [0][-]{section*.105}{\376\377\000I\000n\000d\000e\000x}{}% 222
